[0.147s] DEBUG:colcon:Command line arguments: ['/usr/bin/colcon', 'build', '--packages-select', 'bolide_stm32']
[0.147s] DEBUG:colcon:Parsed command line arguments: Namespace(log_base=None, log_level=None, verb_name='build', build_base='build', install_base='install', merge_install=False, symlink_install=False, test_result_base=None, continue_on_error=False, executor='parallel', parallel_workers=4, event_handlers=None, ignore_user_meta=False, metas=['./colcon.meta'], base_paths=['.'], packages_ignore=None, packages_ignore_regex=None, paths=None, packages_up_to=None, packages_up_to_regex=None, packages_above=None, packages_above_and_dependencies=None, packages_above_depth=None, packages_select_by_dep=None, packages_skip_by_dep=None, packages_skip_up_to=None, packages_select_build_failed=False, packages_skip_build_finished=False, packages_select_test_failures=False, packages_skip_test_passed=False, packages_select=['bolide_stm32'], packages_skip=None, packages_select_regex=None, packages_skip_regex=None, packages_start=None, packages_end=None, allow_overriding=[], cmake_args=None, cmake_target=None, cmake_target_skip_unavailable=False, cmake_clean_cache=False, cmake_clean_first=False, cmake_force_configure=False, ament_cmake_args=None, catkin_cmake_args=None, catkin_skip_building_tests=False, mixin_files=None, mixin=None, verb_parser=<colcon_mixin.mixin.mixin_argument.MixinArgumentDecorator object at 0xffff83a10f80>, verb_extension=<colcon_core.verb.build.BuildVerb object at 0xffff83bd5550>, main=<bound method BuildVerb.main of <colcon_core.verb.build.BuildVerb object at 0xffff83bd5550>>, mixin_verb=('build',))
[0.203s] Level 1:colcon.colcon_core.package_discovery:discover_packages(colcon_meta) check parameters
[0.204s] Level 1:colcon.colcon_core.package_discovery:discover_packages(recursive) check parameters
[0.204s] Level 1:colcon.colcon_core.package_discovery:discover_packages(ignore) check parameters
[0.204s] Level 1:colcon.colcon_core.package_discovery:discover_packages(path) check parameters
[0.204s] Level 1:colcon.colcon_core.package_discovery:discover_packages(colcon_meta) discover
[0.204s] Level 1:colcon.colcon_core.package_discovery:discover_packages(recursive) discover
[0.204s] INFO:colcon.colcon_core.package_discovery:Crawling recursively for packages in '/home/voiture/course_ros2'
[0.204s] Level 1:colcon.colcon_core.package_identification:_identify(.) by extensions ['ignore', 'ignore_ament_install']
[0.204s] Level 1:colcon.colcon_core.package_identification:_identify(.) by extension 'ignore'
[0.204s] Level 1:colcon.colcon_core.package_identification:_identify(.) by extension 'ignore_ament_install'
[0.204s] Level 1:colcon.colcon_core.package_identification:_identify(.) by extensions ['colcon_pkg']
[0.204s] Level 1:colcon.colcon_core.package_identification:_identify(.) by extension 'colcon_pkg'
[0.204s] Level 1:colcon.colcon_core.package_identification:_identify(.) by extensions ['colcon_meta']
[0.204s] Level 1:colcon.colcon_core.package_identification:_identify(.) by extension 'colcon_meta'
[0.204s] Level 1:colcon.colcon_core.package_identification:_identify(.) by extensions ['ros']
[0.204s] Level 1:colcon.colcon_core.package_identification:_identify(.) by extension 'ros'
[0.242s] Level 1:colcon.colcon_core.package_identification:_identify(.) by extensions ['cmake', 'python']
[0.242s] Level 1:colcon.colcon_core.package_identification:_identify(.) by extension 'cmake'
[0.242s] Level 1:colcon.colcon_core.package_identification:_identify(.) by extension 'python'
[0.242s] Level 1:colcon.colcon_core.package_identification:_identify(.) by extensions ['python_setup_py']
[0.242s] Level 1:colcon.colcon_core.package_identification:_identify(.) by extension 'python_setup_py'
[0.242s] Level 1:colcon.colcon_core.package_identification:_identify(build) by extensions ['ignore', 'ignore_ament_install']
[0.242s] Level 1:colcon.colcon_core.package_identification:_identify(build) by extension 'ignore'
[0.242s] Level 1:colcon.colcon_core.package_identification:_identify(build) ignored
[0.242s] Level 1:colcon.colcon_core.package_identification:_identify(install) by extensions ['ignore', 'ignore_ament_install']
[0.243s] Level 1:colcon.colcon_core.package_identification:_identify(install) by extension 'ignore'
[0.243s] Level 1:colcon.colcon_core.package_identification:_identify(install) ignored
[0.243s] Level 1:colcon.colcon_core.package_identification:_identify(log) by extensions ['ignore', 'ignore_ament_install']
[0.243s] Level 1:colcon.colcon_core.package_identification:_identify(log) by extension 'ignore'
[0.243s] Level 1:colcon.colcon_core.package_identification:_identify(log) ignored
[0.243s] Level 1:colcon.colcon_core.package_identification:_identify(src) by extensions ['ignore', 'ignore_ament_install']
[0.243s] Level 1:colcon.colcon_core.package_identification:_identify(src) by extension 'ignore'
[0.243s] Level 1:colcon.colcon_core.package_identification:_identify(src) by extension 'ignore_ament_install'
[0.243s] Level 1:colcon.colcon_core.package_identification:_identify(src) by extensions ['colcon_pkg']
[0.243s] Level 1:colcon.colcon_core.package_identification:_identify(src) by extension 'colcon_pkg'
[0.243s] Level 1:colcon.colcon_core.package_identification:_identify(src) by extensions ['colcon_meta']
[0.243s] Level 1:colcon.colcon_core.package_identification:_identify(src) by extension 'colcon_meta'
[0.243s] Level 1:colcon.colcon_core.package_identification:_identify(src) by extensions ['ros']
[0.243s] Level 1:colcon.colcon_core.package_identification:_identify(src) by extension 'ros'
[0.243s] Level 1:colcon.colcon_core.package_identification:_identify(src) by extensions ['cmake', 'python']
[0.243s] Level 1:colcon.colcon_core.package_identification:_identify(src) by extension 'cmake'
[0.243s] Level 1:colcon.colcon_core.package_identification:_identify(src) by extension 'python'
[0.243s] Level 1:colcon.colcon_core.package_identification:_identify(src) by extensions ['python_setup_py']
[0.243s] Level 1:colcon.colcon_core.package_identification:_identify(src) by extension 'python_setup_py'
[0.244s] Level 1:colcon.colcon_core.package_identification:_identify(src/bolide_direction) by extensions ['ignore', 'ignore_ament_install']
[0.244s] Level 1:colcon.colcon_core.package_identification:_identify(src/bolide_direction) by extension 'ignore'
[0.244s] Level 1:colcon.colcon_core.package_identification:_identify(src/bolide_direction) by extension 'ignore_ament_install'
[0.244s] Level 1:colcon.colcon_core.package_identification:_identify(src/bolide_direction) by extensions ['colcon_pkg']
[0.244s] Level 1:colcon.colcon_core.package_identification:_identify(src/bolide_direction) by extension 'colcon_pkg'
[0.244s] Level 1:colcon.colcon_core.package_identification:_identify(src/bolide_direction) by extensions ['colcon_meta']
[0.244s] Level 1:colcon.colcon_core.package_identification:_identify(src/bolide_direction) by extension 'colcon_meta'
[0.244s] Level 1:colcon.colcon_core.package_identification:_identify(src/bolide_direction) by extensions ['ros']
[0.244s] Level 1:colcon.colcon_core.package_identification:_identify(src/bolide_direction) by extension 'ros'
[0.247s] DEBUG:colcon.colcon_core.package_identification:Package 'src/bolide_direction' with type 'ros.ament_python' and name 'bolide_direction'
[0.247s] Level 1:colcon.colcon_core.package_identification:_identify(src/bolide_interfaces) by extensions ['ignore', 'ignore_ament_install']
[0.247s] Level 1:colcon.colcon_core.package_identification:_identify(src/bolide_interfaces) by extension 'ignore'
[0.247s] Level 1:colcon.colcon_core.package_identification:_identify(src/bolide_interfaces) by extension 'ignore_ament_install'
[0.247s] Level 1:colcon.colcon_core.package_identification:_identify(src/bolide_interfaces) by extensions ['colcon_pkg']
[0.247s] Level 1:colcon.colcon_core.package_identification:_identify(src/bolide_interfaces) by extension 'colcon_pkg'
[0.247s] Level 1:colcon.colcon_core.package_identification:_identify(src/bolide_interfaces) by extensions ['colcon_meta']
[0.247s] Level 1:colcon.colcon_core.package_identification:_identify(src/bolide_interfaces) by extension 'colcon_meta'
[0.247s] Level 1:colcon.colcon_core.package_identification:_identify(src/bolide_interfaces) by extensions ['ros']
[0.248s] Level 1:colcon.colcon_core.package_identification:_identify(src/bolide_interfaces) by extension 'ros'
[0.248s] DEBUG:colcon.colcon_core.package_identification:Package 'src/bolide_interfaces' with type 'ros.ament_cmake' and name 'bolide_interfaces'
[0.248s] Level 1:colcon.colcon_core.package_identification:_identify(src/bolide_stm32) by extensions ['ignore', 'ignore_ament_install']
[0.248s] Level 1:colcon.colcon_core.package_identification:_identify(src/bolide_stm32) by extension 'ignore'
[0.249s] Level 1:colcon.colcon_core.package_identification:_identify(src/bolide_stm32) by extension 'ignore_ament_install'
[0.249s] Level 1:colcon.colcon_core.package_identification:_identify(src/bolide_stm32) by extensions ['colcon_pkg']
[0.249s] Level 1:colcon.colcon_core.package_identification:_identify(src/bolide_stm32) by extension 'colcon_pkg'
[0.249s] Level 1:colcon.colcon_core.package_identification:_identify(src/bolide_stm32) by extensions ['colcon_meta']
[0.249s] Level 1:colcon.colcon_core.package_identification:_identify(src/bolide_stm32) by extension 'colcon_meta'
[0.249s] Level 1:colcon.colcon_core.package_identification:_identify(src/bolide_stm32) by extensions ['ros']
[0.249s] Level 1:colcon.colcon_core.package_identification:_identify(src/bolide_stm32) by extension 'ros'
[0.249s] DEBUG:colcon.colcon_core.package_identification:Package 'src/bolide_stm32' with type 'ros.ament_python' and name 'bolide_stm32'
[0.250s] Level 1:colcon.colcon_core.package_identification:_identify(src/bolide_teleop) by extensions ['ignore', 'ignore_ament_install']
[0.250s] Level 1:colcon.colcon_core.package_identification:_identify(src/bolide_teleop) by extension 'ignore'
[0.250s] Level 1:colcon.colcon_core.package_identification:_identify(src/bolide_teleop) by extension 'ignore_ament_install'
[0.250s] Level 1:colcon.colcon_core.package_identification:_identify(src/bolide_teleop) by extensions ['colcon_pkg']
[0.250s] Level 1:colcon.colcon_core.package_identification:_identify(src/bolide_teleop) by extension 'colcon_pkg'
[0.250s] Level 1:colcon.colcon_core.package_identification:_identify(src/bolide_teleop) by extensions ['colcon_meta']
[0.250s] Level 1:colcon.colcon_core.package_identification:_identify(src/bolide_teleop) by extension 'colcon_meta'
[0.250s] Level 1:colcon.colcon_core.package_identification:_identify(src/bolide_teleop) by extensions ['ros']
[0.250s] Level 1:colcon.colcon_core.package_identification:_identify(src/bolide_teleop) by extension 'ros'
[0.251s] DEBUG:colcon.colcon_core.package_identification:Package 'src/bolide_teleop' with type 'ros.ament_python' and name 'bolide_teleop'
[0.251s] Level 1:colcon.colcon_core.package_identification:_identify(src/sllidar_ros2) by extensions ['ignore', 'ignore_ament_install']
[0.251s] Level 1:colcon.colcon_core.package_identification:_identify(src/sllidar_ros2) by extension 'ignore'
[0.251s] Level 1:colcon.colcon_core.package_identification:_identify(src/sllidar_ros2) by extension 'ignore_ament_install'
[0.251s] Level 1:colcon.colcon_core.package_identification:_identify(src/sllidar_ros2) by extensions ['colcon_pkg']
[0.251s] Level 1:colcon.colcon_core.package_identification:_identify(src/sllidar_ros2) by extension 'colcon_pkg'
[0.251s] Level 1:colcon.colcon_core.package_identification:_identify(src/sllidar_ros2) by extensions ['colcon_meta']
[0.251s] Level 1:colcon.colcon_core.package_identification:_identify(src/sllidar_ros2) by extension 'colcon_meta'
[0.251s] Level 1:colcon.colcon_core.package_identification:_identify(src/sllidar_ros2) by extensions ['ros']
[0.251s] Level 1:colcon.colcon_core.package_identification:_identify(src/sllidar_ros2) by extension 'ros'
[0.251s] Level 1:colcon.colcon_core.package_identification:_identify(src/sllidar_ros2) by extensions ['cmake', 'python']
[0.251s] Level 1:colcon.colcon_core.package_identification:_identify(src/sllidar_ros2) by extension 'cmake'
[0.251s] Level 1:colcon.colcon_core.package_identification:_identify(src/sllidar_ros2) by extension 'python'
[0.251s] Level 1:colcon.colcon_core.package_identification:_identify(src/sllidar_ros2) by extensions ['python_setup_py']
[0.251s] Level 1:colcon.colcon_core.package_identification:_identify(src/sllidar_ros2) by extension 'python_setup_py'
[0.251s] Level 1:colcon.colcon_core.package_identification:_identify(src/sllidar_ros2/lib) by extensions ['ignore', 'ignore_ament_install']
[0.252s] Level 1:colcon.colcon_core.package_identification:_identify(src/sllidar_ros2/lib) by extension 'ignore'
[0.252s] Level 1:colcon.colcon_core.package_identification:_identify(src/sllidar_ros2/lib) by extension 'ignore_ament_install'
[0.252s] Level 1:colcon.colcon_core.package_identification:_identify(src/sllidar_ros2/lib) by extensions ['colcon_pkg']
[0.252s] Level 1:colcon.colcon_core.package_identification:_identify(src/sllidar_ros2/lib) by extension 'colcon_pkg'
[0.252s] Level 1:colcon.colcon_core.package_identification:_identify(src/sllidar_ros2/lib) by extensions ['colcon_meta']
[0.252s] Level 1:colcon.colcon_core.package_identification:_identify(src/sllidar_ros2/lib) by extension 'colcon_meta'
[0.252s] Level 1:colcon.colcon_core.package_identification:_identify(src/sllidar_ros2/lib) by extensions ['ros']
[0.252s] Level 1:colcon.colcon_core.package_identification:_identify(src/sllidar_ros2/lib) by extension 'ros'
[0.252s] Level 1:colcon.colcon_core.package_identification:_identify(src/sllidar_ros2/lib) by extensions ['cmake', 'python']
[0.252s] Level 1:colcon.colcon_core.package_identification:_identify(src/sllidar_ros2/lib) by extension 'cmake'
[0.252s] Level 1:colcon.colcon_core.package_identification:_identify(src/sllidar_ros2/lib) by extension 'python'
[0.252s] Level 1:colcon.colcon_core.package_identification:_identify(src/sllidar_ros2/lib) by extensions ['python_setup_py']
[0.252s] Level 1:colcon.colcon_core.package_identification:_identify(src/sllidar_ros2/lib) by extension 'python_setup_py'
[0.252s] Level 1:colcon.colcon_core.package_identification:_identify(src/sllidar_ros2/lib/sllidar_ros2) by extensions ['ignore', 'ignore_ament_install']
[0.252s] Level 1:colcon.colcon_core.package_identification:_identify(src/sllidar_ros2/lib/sllidar_ros2) by extension 'ignore'
[0.252s] Level 1:colcon.colcon_core.package_identification:_identify(src/sllidar_ros2/lib/sllidar_ros2) by extension 'ignore_ament_install'
[0.252s] Level 1:colcon.colcon_core.package_identification:_identify(src/sllidar_ros2/lib/sllidar_ros2) by extensions ['colcon_pkg']
[0.252s] Level 1:colcon.colcon_core.package_identification:_identify(src/sllidar_ros2/lib/sllidar_ros2) by extension 'colcon_pkg'
[0.252s] Level 1:colcon.colcon_core.package_identification:_identify(src/sllidar_ros2/lib/sllidar_ros2) by extensions ['colcon_meta']
[0.252s] Level 1:colcon.colcon_core.package_identification:_identify(src/sllidar_ros2/lib/sllidar_ros2) by extension 'colcon_meta'
[0.253s] Level 1:colcon.colcon_core.package_identification:_identify(src/sllidar_ros2/lib/sllidar_ros2) by extensions ['ros']
[0.253s] Level 1:colcon.colcon_core.package_identification:_identify(src/sllidar_ros2/lib/sllidar_ros2) by extension 'ros'
[0.253s] Level 1:colcon.colcon_core.package_identification:_identify(src/sllidar_ros2/lib/sllidar_ros2) by extensions ['cmake', 'python']
[0.253s] Level 1:colcon.colcon_core.package_identification:_identify(src/sllidar_ros2/lib/sllidar_ros2) by extension 'cmake'
[0.253s] Level 1:colcon.colcon_core.package_identification:_identify(src/sllidar_ros2/lib/sllidar_ros2) by extension 'python'
[0.253s] Level 1:colcon.colcon_core.package_identification:_identify(src/sllidar_ros2/lib/sllidar_ros2) by extensions ['python_setup_py']
[0.253s] Level 1:colcon.colcon_core.package_identification:_identify(src/sllidar_ros2/lib/sllidar_ros2) by extension 'python_setup_py'
[0.253s] Level 1:colcon.colcon_core.package_identification:_identify(src/sllidar_ros2/share) by extensions ['ignore', 'ignore_ament_install']
[0.253s] Level 1:colcon.colcon_core.package_identification:_identify(src/sllidar_ros2/share) by extension 'ignore'
[0.253s] Level 1:colcon.colcon_core.package_identification:_identify(src/sllidar_ros2/share) by extension 'ignore_ament_install'
[0.253s] Level 1:colcon.colcon_core.package_identification:_identify(src/sllidar_ros2/share) by extensions ['colcon_pkg']
[0.253s] Level 1:colcon.colcon_core.package_identification:_identify(src/sllidar_ros2/share) by extension 'colcon_pkg'
[0.253s] Level 1:colcon.colcon_core.package_identification:_identify(src/sllidar_ros2/share) by extensions ['colcon_meta']
[0.253s] Level 1:colcon.colcon_core.package_identification:_identify(src/sllidar_ros2/share) by extension 'colcon_meta'
[0.253s] Level 1:colcon.colcon_core.package_identification:_identify(src/sllidar_ros2/share) by extensions ['ros']
[0.253s] Level 1:colcon.colcon_core.package_identification:_identify(src/sllidar_ros2/share) by extension 'ros'
[0.253s] Level 1:colcon.colcon_core.package_identification:_identify(src/sllidar_ros2/share) by extensions ['cmake', 'python']
[0.253s] Level 1:colcon.colcon_core.package_identification:_identify(src/sllidar_ros2/share) by extension 'cmake'
[0.253s] Level 1:colcon.colcon_core.package_identification:_identify(src/sllidar_ros2/share) by extension 'python'
[0.253s] Level 1:colcon.colcon_core.package_identification:_identify(src/sllidar_ros2/share) by extensions ['python_setup_py']
[0.253s] Level 1:colcon.colcon_core.package_identification:_identify(src/sllidar_ros2/share) by extension 'python_setup_py'
[0.254s] Level 1:colcon.colcon_core.package_identification:_identify(src/sllidar_ros2/share/ament_index) by extensions ['ignore', 'ignore_ament_install']
[0.254s] Level 1:colcon.colcon_core.package_identification:_identify(src/sllidar_ros2/share/ament_index) by extension 'ignore'
[0.254s] Level 1:colcon.colcon_core.package_identification:_identify(src/sllidar_ros2/share/ament_index) by extension 'ignore_ament_install'
[0.254s] Level 1:colcon.colcon_core.package_identification:_identify(src/sllidar_ros2/share/ament_index) by extensions ['colcon_pkg']
[0.254s] Level 1:colcon.colcon_core.package_identification:_identify(src/sllidar_ros2/share/ament_index) by extension 'colcon_pkg'
[0.254s] Level 1:colcon.colcon_core.package_identification:_identify(src/sllidar_ros2/share/ament_index) by extensions ['colcon_meta']
[0.254s] Level 1:colcon.colcon_core.package_identification:_identify(src/sllidar_ros2/share/ament_index) by extension 'colcon_meta'
[0.254s] Level 1:colcon.colcon_core.package_identification:_identify(src/sllidar_ros2/share/ament_index) by extensions ['ros']
[0.254s] Level 1:colcon.colcon_core.package_identification:_identify(src/sllidar_ros2/share/ament_index) by extension 'ros'
[0.254s] Level 1:colcon.colcon_core.package_identification:_identify(src/sllidar_ros2/share/ament_index) by extensions ['cmake', 'python']
[0.254s] Level 1:colcon.colcon_core.package_identification:_identify(src/sllidar_ros2/share/ament_index) by extension 'cmake'
[0.254s] Level 1:colcon.colcon_core.package_identification:_identify(src/sllidar_ros2/share/ament_index) by extension 'python'
[0.254s] Level 1:colcon.colcon_core.package_identification:_identify(src/sllidar_ros2/share/ament_index) by extensions ['python_setup_py']
[0.254s] Level 1:colcon.colcon_core.package_identification:_identify(src/sllidar_ros2/share/ament_index) by extension 'python_setup_py'
[0.254s] Level 1:colcon.colcon_core.package_identification:_identify(src/sllidar_ros2/share/ament_index/resource_index) by extensions ['ignore', 'ignore_ament_install']
[0.254s] Level 1:colcon.colcon_core.package_identification:_identify(src/sllidar_ros2/share/ament_index/resource_index) by extension 'ignore'
[0.254s] Level 1:colcon.colcon_core.package_identification:_identify(src/sllidar_ros2/share/ament_index/resource_index) by extension 'ignore_ament_install'
[0.254s] Level 1:colcon.colcon_core.package_identification:_identify(src/sllidar_ros2/share/ament_index/resource_index) by extensions ['colcon_pkg']
[0.254s] Level 1:colcon.colcon_core.package_identification:_identify(src/sllidar_ros2/share/ament_index/resource_index) by extension 'colcon_pkg'
[0.255s] Level 1:colcon.colcon_core.package_identification:_identify(src/sllidar_ros2/share/ament_index/resource_index) by extensions ['colcon_meta']
[0.255s] Level 1:colcon.colcon_core.package_identification:_identify(src/sllidar_ros2/share/ament_index/resource_index) by extension 'colcon_meta'
[0.255s] Level 1:colcon.colcon_core.package_identification:_identify(src/sllidar_ros2/share/ament_index/resource_index) by extensions ['ros']
[0.255s] Level 1:colcon.colcon_core.package_identification:_identify(src/sllidar_ros2/share/ament_index/resource_index) by extension 'ros'
[0.255s] Level 1:colcon.colcon_core.package_identification:_identify(src/sllidar_ros2/share/ament_index/resource_index) by extensions ['cmake', 'python']
[0.255s] Level 1:colcon.colcon_core.package_identification:_identify(src/sllidar_ros2/share/ament_index/resource_index) by extension 'cmake'
[0.255s] Level 1:colcon.colcon_core.package_identification:_identify(src/sllidar_ros2/share/ament_index/resource_index) by extension 'python'
[0.255s] Level 1:colcon.colcon_core.package_identification:_identify(src/sllidar_ros2/share/ament_index/resource_index) by extensions ['python_setup_py']
[0.255s] Level 1:colcon.colcon_core.package_identification:_identify(src/sllidar_ros2/share/ament_index/resource_index) by extension 'python_setup_py'
[0.255s] Level 1:colcon.colcon_core.package_identification:_identify(src/sllidar_ros2/share/ament_index/resource_index/package_run_dependencies) by extensions ['ignore', 'ignore_ament_install']
[0.255s] Level 1:colcon.colcon_core.package_identification:_identify(src/sllidar_ros2/share/ament_index/resource_index/package_run_dependencies) by extension 'ignore'
[0.255s] Level 1:colcon.colcon_core.package_identification:_identify(src/sllidar_ros2/share/ament_index/resource_index/package_run_dependencies) by extension 'ignore_ament_install'
[0.255s] Level 1:colcon.colcon_core.package_identification:_identify(src/sllidar_ros2/share/ament_index/resource_index/package_run_dependencies) by extensions ['colcon_pkg']
[0.255s] Level 1:colcon.colcon_core.package_identification:_identify(src/sllidar_ros2/share/ament_index/resource_index/package_run_dependencies) by extension 'colcon_pkg'
[0.255s] Level 1:colcon.colcon_core.package_identification:_identify(src/sllidar_ros2/share/ament_index/resource_index/package_run_dependencies) by extensions ['colcon_meta']
[0.255s] Level 1:colcon.colcon_core.package_identification:_identify(src/sllidar_ros2/share/ament_index/resource_index/package_run_dependencies) by extension 'colcon_meta'
[0.255s] Level 1:colcon.colcon_core.package_identification:_identify(src/sllidar_ros2/share/ament_index/resource_index/package_run_dependencies) by extensions ['ros']
[0.255s] Level 1:colcon.colcon_core.package_identification:_identify(src/sllidar_ros2/share/ament_index/resource_index/package_run_dependencies) by extension 'ros'
[0.255s] Level 1:colcon.colcon_core.package_identification:_identify(src/sllidar_ros2/share/ament_index/resource_index/package_run_dependencies) by extensions ['cmake', 'python']
[0.255s] Level 1:colcon.colcon_core.package_identification:_identify(src/sllidar_ros2/share/ament_index/resource_index/package_run_dependencies) by extension 'cmake'
[0.256s] Level 1:colcon.colcon_core.package_identification:_identify(src/sllidar_ros2/share/ament_index/resource_index/package_run_dependencies) by extension 'python'
[0.256s] Level 1:colcon.colcon_core.package_identification:_identify(src/sllidar_ros2/share/ament_index/resource_index/package_run_dependencies) by extensions ['python_setup_py']
[0.256s] Level 1:colcon.colcon_core.package_identification:_identify(src/sllidar_ros2/share/ament_index/resource_index/package_run_dependencies) by extension 'python_setup_py'
[0.256s] Level 1:colcon.colcon_core.package_identification:_identify(src/sllidar_ros2/share/ament_index/resource_index/packages) by extensions ['ignore', 'ignore_ament_install']
[0.256s] Level 1:colcon.colcon_core.package_identification:_identify(src/sllidar_ros2/share/ament_index/resource_index/packages) by extension 'ignore'
[0.256s] Level 1:colcon.colcon_core.package_identification:_identify(src/sllidar_ros2/share/ament_index/resource_index/packages) by extension 'ignore_ament_install'
[0.256s] Level 1:colcon.colcon_core.package_identification:_identify(src/sllidar_ros2/share/ament_index/resource_index/packages) by extensions ['colcon_pkg']
[0.256s] Level 1:colcon.colcon_core.package_identification:_identify(src/sllidar_ros2/share/ament_index/resource_index/packages) by extension 'colcon_pkg'
[0.256s] Level 1:colcon.colcon_core.package_identification:_identify(src/sllidar_ros2/share/ament_index/resource_index/packages) by extensions ['colcon_meta']
[0.256s] Level 1:colcon.colcon_core.package_identification:_identify(src/sllidar_ros2/share/ament_index/resource_index/packages) by extension 'colcon_meta'
[0.256s] Level 1:colcon.colcon_core.package_identification:_identify(src/sllidar_ros2/share/ament_index/resource_index/packages) by extensions ['ros']
[0.256s] Level 1:colcon.colcon_core.package_identification:_identify(src/sllidar_ros2/share/ament_index/resource_index/packages) by extension 'ros'
[0.256s] Level 1:colcon.colcon_core.package_identification:_identify(src/sllidar_ros2/share/ament_index/resource_index/packages) by extensions ['cmake', 'python']
[0.256s] Level 1:colcon.colcon_core.package_identification:_identify(src/sllidar_ros2/share/ament_index/resource_index/packages) by extension 'cmake'
[0.256s] Level 1:colcon.colcon_core.package_identification:_identify(src/sllidar_ros2/share/ament_index/resource_index/packages) by extension 'python'
[0.256s] Level 1:colcon.colcon_core.package_identification:_identify(src/sllidar_ros2/share/ament_index/resource_index/packages) by extensions ['python_setup_py']
[0.256s] Level 1:colcon.colcon_core.package_identification:_identify(src/sllidar_ros2/share/ament_index/resource_index/packages) by extension 'python_setup_py'
[0.256s] Level 1:colcon.colcon_core.package_identification:_identify(src/sllidar_ros2/share/ament_index/resource_index/parent_prefix_path) by extensions ['ignore', 'ignore_ament_install']
[0.257s] Level 1:colcon.colcon_core.package_identification:_identify(src/sllidar_ros2/share/ament_index/resource_index/parent_prefix_path) by extension 'ignore'
[0.257s] Level 1:colcon.colcon_core.package_identification:_identify(src/sllidar_ros2/share/ament_index/resource_index/parent_prefix_path) by extension 'ignore_ament_install'
[0.257s] Level 1:colcon.colcon_core.package_identification:_identify(src/sllidar_ros2/share/ament_index/resource_index/parent_prefix_path) by extensions ['colcon_pkg']
[0.257s] Level 1:colcon.colcon_core.package_identification:_identify(src/sllidar_ros2/share/ament_index/resource_index/parent_prefix_path) by extension 'colcon_pkg'
[0.257s] Level 1:colcon.colcon_core.package_identification:_identify(src/sllidar_ros2/share/ament_index/resource_index/parent_prefix_path) by extensions ['colcon_meta']
[0.257s] Level 1:colcon.colcon_core.package_identification:_identify(src/sllidar_ros2/share/ament_index/resource_index/parent_prefix_path) by extension 'colcon_meta'
[0.257s] Level 1:colcon.colcon_core.package_identification:_identify(src/sllidar_ros2/share/ament_index/resource_index/parent_prefix_path) by extensions ['ros']
[0.257s] Level 1:colcon.colcon_core.package_identification:_identify(src/sllidar_ros2/share/ament_index/resource_index/parent_prefix_path) by extension 'ros'
[0.257s] Level 1:colcon.colcon_core.package_identification:_identify(src/sllidar_ros2/share/ament_index/resource_index/parent_prefix_path) by extensions ['cmake', 'python']
[0.257s] Level 1:colcon.colcon_core.package_identification:_identify(src/sllidar_ros2/share/ament_index/resource_index/parent_prefix_path) by extension 'cmake'
[0.257s] Level 1:colcon.colcon_core.package_identification:_identify(src/sllidar_ros2/share/ament_index/resource_index/parent_prefix_path) by extension 'python'
[0.257s] Level 1:colcon.colcon_core.package_identification:_identify(src/sllidar_ros2/share/ament_index/resource_index/parent_prefix_path) by extensions ['python_setup_py']
[0.257s] Level 1:colcon.colcon_core.package_identification:_identify(src/sllidar_ros2/share/ament_index/resource_index/parent_prefix_path) by extension 'python_setup_py'
[0.257s] Level 1:colcon.colcon_core.package_identification:_identify(src/sllidar_ros2/share/colcon-core) by extensions ['ignore', 'ignore_ament_install']
[0.257s] Level 1:colcon.colcon_core.package_identification:_identify(src/sllidar_ros2/share/colcon-core) by extension 'ignore'
[0.257s] Level 1:colcon.colcon_core.package_identification:_identify(src/sllidar_ros2/share/colcon-core) by extension 'ignore_ament_install'
[0.257s] Level 1:colcon.colcon_core.package_identification:_identify(src/sllidar_ros2/share/colcon-core) by extensions ['colcon_pkg']
[0.257s] Level 1:colcon.colcon_core.package_identification:_identify(src/sllidar_ros2/share/colcon-core) by extension 'colcon_pkg'
[0.257s] Level 1:colcon.colcon_core.package_identification:_identify(src/sllidar_ros2/share/colcon-core) by extensions ['colcon_meta']
[0.257s] Level 1:colcon.colcon_core.package_identification:_identify(src/sllidar_ros2/share/colcon-core) by extension 'colcon_meta'
[0.257s] Level 1:colcon.colcon_core.package_identification:_identify(src/sllidar_ros2/share/colcon-core) by extensions ['ros']
[0.258s] Level 1:colcon.colcon_core.package_identification:_identify(src/sllidar_ros2/share/colcon-core) by extension 'ros'
[0.258s] Level 1:colcon.colcon_core.package_identification:_identify(src/sllidar_ros2/share/colcon-core) by extensions ['cmake', 'python']
[0.258s] Level 1:colcon.colcon_core.package_identification:_identify(src/sllidar_ros2/share/colcon-core) by extension 'cmake'
[0.258s] Level 1:colcon.colcon_core.package_identification:_identify(src/sllidar_ros2/share/colcon-core) by extension 'python'
[0.258s] Level 1:colcon.colcon_core.package_identification:_identify(src/sllidar_ros2/share/colcon-core) by extensions ['python_setup_py']
[0.258s] Level 1:colcon.colcon_core.package_identification:_identify(src/sllidar_ros2/share/colcon-core) by extension 'python_setup_py'
[0.258s] Level 1:colcon.colcon_core.package_identification:_identify(src/sllidar_ros2/share/colcon-core/packages) by extensions ['ignore', 'ignore_ament_install']
[0.258s] Level 1:colcon.colcon_core.package_identification:_identify(src/sllidar_ros2/share/colcon-core/packages) by extension 'ignore'
[0.258s] Level 1:colcon.colcon_core.package_identification:_identify(src/sllidar_ros2/share/colcon-core/packages) by extension 'ignore_ament_install'
[0.258s] Level 1:colcon.colcon_core.package_identification:_identify(src/sllidar_ros2/share/colcon-core/packages) by extensions ['colcon_pkg']
[0.258s] Level 1:colcon.colcon_core.package_identification:_identify(src/sllidar_ros2/share/colcon-core/packages) by extension 'colcon_pkg'
[0.258s] Level 1:colcon.colcon_core.package_identification:_identify(src/sllidar_ros2/share/colcon-core/packages) by extensions ['colcon_meta']
[0.258s] Level 1:colcon.colcon_core.package_identification:_identify(src/sllidar_ros2/share/colcon-core/packages) by extension 'colcon_meta'
[0.258s] Level 1:colcon.colcon_core.package_identification:_identify(src/sllidar_ros2/share/colcon-core/packages) by extensions ['ros']
[0.258s] Level 1:colcon.colcon_core.package_identification:_identify(src/sllidar_ros2/share/colcon-core/packages) by extension 'ros'
[0.258s] Level 1:colcon.colcon_core.package_identification:_identify(src/sllidar_ros2/share/colcon-core/packages) by extensions ['cmake', 'python']
[0.258s] Level 1:colcon.colcon_core.package_identification:_identify(src/sllidar_ros2/share/colcon-core/packages) by extension 'cmake'
[0.258s] Level 1:colcon.colcon_core.package_identification:_identify(src/sllidar_ros2/share/colcon-core/packages) by extension 'python'
[0.258s] Level 1:colcon.colcon_core.package_identification:_identify(src/sllidar_ros2/share/colcon-core/packages) by extensions ['python_setup_py']
[0.258s] Level 1:colcon.colcon_core.package_identification:_identify(src/sllidar_ros2/share/colcon-core/packages) by extension 'python_setup_py'
[0.259s] Level 1:colcon.colcon_core.package_identification:_identify(src/sllidar_ros2/share/sllidar_ros2) by extensions ['ignore', 'ignore_ament_install']
[0.259s] Level 1:colcon.colcon_core.package_identification:_identify(src/sllidar_ros2/share/sllidar_ros2) by extension 'ignore'
[0.259s] Level 1:colcon.colcon_core.package_identification:_identify(src/sllidar_ros2/share/sllidar_ros2) by extension 'ignore_ament_install'
[0.259s] Level 1:colcon.colcon_core.package_identification:_identify(src/sllidar_ros2/share/sllidar_ros2) by extensions ['colcon_pkg']
[0.259s] Level 1:colcon.colcon_core.package_identification:_identify(src/sllidar_ros2/share/sllidar_ros2) by extension 'colcon_pkg'
[0.259s] Level 1:colcon.colcon_core.package_identification:_identify(src/sllidar_ros2/share/sllidar_ros2) by extensions ['colcon_meta']
[0.259s] Level 1:colcon.colcon_core.package_identification:_identify(src/sllidar_ros2/share/sllidar_ros2) by extension 'colcon_meta'
[0.259s] Level 1:colcon.colcon_core.package_identification:_identify(src/sllidar_ros2/share/sllidar_ros2) by extensions ['ros']
[0.259s] Level 1:colcon.colcon_core.package_identification:_identify(src/sllidar_ros2/share/sllidar_ros2) by extension 'ros'
[0.260s] DEBUG:colcon.colcon_core.package_identification:Package 'src/sllidar_ros2/share/sllidar_ros2' with type 'ros.ament_cmake' and name 'sllidar_ros2'
[0.260s] Level 1:colcon.colcon_core.package_discovery:discover_packages(recursive) using defaults
[0.260s] Level 1:colcon.colcon_core.package_discovery:discover_packages(ignore) discover
[0.260s] Level 1:colcon.colcon_core.package_discovery:discover_packages(ignore) using defaults
[0.260s] Level 1:colcon.colcon_core.package_discovery:discover_packages(path) discover
[0.260s] Level 1:colcon.colcon_core.package_discovery:discover_packages(path) using defaults
[0.284s] INFO:colcon.colcon_core.package_selection:Skipping not selected package 'bolide_direction' in 'src/bolide_direction'
[0.284s] INFO:colcon.colcon_core.package_selection:Skipping not selected package 'bolide_interfaces' in 'src/bolide_interfaces'
[0.284s] INFO:colcon.colcon_core.package_selection:Skipping not selected package 'bolide_teleop' in 'src/bolide_teleop'
[0.284s] INFO:colcon.colcon_core.package_selection:Skipping not selected package 'sllidar_ros2' in 'src/sllidar_ros2/share/sllidar_ros2'
[0.285s] Level 1:colcon.colcon_core.package_discovery:discover_packages(prefix_path) check parameters
[0.285s] Level 1:colcon.colcon_core.package_discovery:discover_packages(prefix_path) discover
[0.287s] DEBUG:colcon.colcon_installed_package_information.package_discovery:Found 1 installed packages in /home/voiture/course_ros2/install
[0.288s] DEBUG:colcon.colcon_installed_package_information.package_discovery:Found 9 installed packages in /home/voiture/course_2025_slam_pkgs/workspace/install
[0.290s] DEBUG:colcon.colcon_installed_package_information.package_discovery:Found 288 installed packages in /opt/ros/jazzy
[0.293s] Level 1:colcon.colcon_core.package_discovery:discover_packages(prefix_path) using defaults
[0.352s] Level 5:colcon.colcon_core.verb:set package 'bolide_stm32' build argument 'cmake_args' from command line to 'None'
[0.352s] Level 5:colcon.colcon_core.verb:set package 'bolide_stm32' build argument 'cmake_target' from command line to 'None'
[0.352s] Level 5:colcon.colcon_core.verb:set package 'bolide_stm32' build argument 'cmake_target_skip_unavailable' from command line to 'False'
[0.353s] Level 5:colcon.colcon_core.verb:set package 'bolide_stm32' build argument 'cmake_clean_cache' from command line to 'False'
[0.353s] Level 5:colcon.colcon_core.verb:set package 'bolide_stm32' build argument 'cmake_clean_first' from command line to 'False'
[0.353s] Level 5:colcon.colcon_core.verb:set package 'bolide_stm32' build argument 'cmake_force_configure' from command line to 'False'
[0.353s] Level 5:colcon.colcon_core.verb:set package 'bolide_stm32' build argument 'ament_cmake_args' from command line to 'None'
[0.353s] Level 5:colcon.colcon_core.verb:set package 'bolide_stm32' build argument 'catkin_cmake_args' from command line to 'None'
[0.353s] Level 5:colcon.colcon_core.verb:set package 'bolide_stm32' build argument 'catkin_skip_building_tests' from command line to 'False'
[0.353s] DEBUG:colcon.colcon_core.verb:Building package 'bolide_stm32' with the following arguments: {'ament_cmake_args': None, 'build_base': '/home/voiture/course_ros2/build/bolide_stm32', 'catkin_cmake_args': None, 'catkin_skip_building_tests': False, 'cmake_args': None, 'cmake_clean_cache': False, 'cmake_clean_first': False, 'cmake_force_configure': False, 'cmake_target': None, 'cmake_target_skip_unavailable': False, 'install_base': '/home/voiture/course_ros2/install/bolide_stm32', 'merge_install': False, 'path': '/home/voiture/course_ros2/src/bolide_stm32', 'symlink_install': False, 'test_result_base': None}
[0.353s] INFO:colcon.colcon_core.executor:Executing jobs using 'parallel' executor
[0.354s] DEBUG:colcon.colcon_parallel_executor.executor.parallel:run_until_complete
[0.355s] INFO:colcon.colcon_ros.task.ament_python.build:Building ROS package in '/home/voiture/course_ros2/src/bolide_stm32' with build type 'ament_python'
[0.355s] Level 1:colcon.colcon_core.shell:create_environment_hook('bolide_stm32', 'ament_prefix_path')
[0.357s] INFO:colcon.colcon_core.plugin_system:Skipping extension 'colcon_core.shell.bat': Not used on non-Windows systems
[0.358s] INFO:colcon.colcon_core.shell:Creating environment hook '/home/voiture/course_ros2/install/bolide_stm32/share/bolide_stm32/hook/ament_prefix_path.ps1'
[0.358s] INFO:colcon.colcon_core.shell:Creating environment descriptor '/home/voiture/course_ros2/install/bolide_stm32/share/bolide_stm32/hook/ament_prefix_path.dsv'
[0.359s] INFO:colcon.colcon_core.shell:Creating environment hook '/home/voiture/course_ros2/install/bolide_stm32/share/bolide_stm32/hook/ament_prefix_path.sh'
[0.360s] INFO:colcon.colcon_core.shell:Skip shell extension 'powershell' for command environment: Not usable outside of PowerShell
[0.360s] DEBUG:colcon.colcon_core.shell:Skip shell extension 'dsv' for command environment
[0.364s] WARNING:colcon.colcon_core.shell:The following packages are in the workspace but haven't been built:
- bolide_interfaces
They are being used from the following locations instead:
- /home/voiture/course_2025_slam_pkgs/workspace/install/bolide_interfaces
To suppress this warning ignore these packages in the workspace:
--packages-ignore bolide_interfaces
[0.686s] INFO:colcon.colcon_core.task.python.build:Building Python package in '/home/voiture/course_ros2/src/bolide_stm32'
[0.687s] INFO:colcon.colcon_core.shell:Skip shell extension 'powershell' for command environment: Not usable outside of PowerShell
[0.687s] DEBUG:colcon.colcon_core.shell:Skip shell extension 'dsv' for command environment
[1.538s] DEBUG:colcon.colcon_core.event_handler.log_command:Invoking command in '/home/voiture/course_ros2/src/bolide_stm32': DEBUGINFOD_URLS=https://debuginfod.ubuntu.com PYTHONPATH=/home/voiture/course_ros2/build/bolide_stm32/prefix_override:/usr/lib/python3/dist-packages/colcon_core/task/python/colcon_distutils_commands:/home/voiture/course_ros2/install/bolide_stm32/lib/python3.12/site-packages:${PYTHONPATH} /usr/bin/python3 -W ignore:setup.py install is deprecated -W ignore:easy_install command is deprecated setup.py egg_info --egg-base ../../build/bolide_stm32 build --build-base /home/voiture/course_ros2/build/bolide_stm32/build install --record /home/voiture/course_ros2/build/bolide_stm32/install.log --single-version-externally-managed install_data
[2.312s] DEBUG:colcon.colcon_core.event_handler.log_command:Invoked command in '/home/voiture/course_ros2/src/bolide_stm32' returned '0': DEBUGINFOD_URLS=https://debuginfod.ubuntu.com PYTHONPATH=/home/voiture/course_ros2/build/bolide_stm32/prefix_override:/usr/lib/python3/dist-packages/colcon_core/task/python/colcon_distutils_commands:/home/voiture/course_ros2/install/bolide_stm32/lib/python3.12/site-packages:${PYTHONPATH} /usr/bin/python3 -W ignore:setup.py install is deprecated -W ignore:easy_install command is deprecated setup.py egg_info --egg-base ../../build/bolide_stm32 build --build-base /home/voiture/course_ros2/build/bolide_stm32/build install --record /home/voiture/course_ros2/build/bolide_stm32/install.log --single-version-externally-managed install_data
[2.314s] Level 1:colcon.colcon_core.environment:checking '/home/voiture/course_ros2/install/bolide_stm32' for CMake module files
[2.315s] Level 1:colcon.colcon_core.environment:checking '/home/voiture/course_ros2/install/bolide_stm32' for CMake config files
[2.316s] Level 1:colcon.colcon_core.environment:checking '/home/voiture/course_ros2/install/bolide_stm32/lib'
[2.316s] Level 1:colcon.colcon_core.environment:checking '/home/voiture/course_ros2/install/bolide_stm32/bin'
[2.316s] Level 1:colcon.colcon_core.environment:checking '/home/voiture/course_ros2/install/bolide_stm32/lib/pkgconfig/bolide_stm32.pc'
[2.316s] Level 1:colcon.colcon_core.environment:checking '/home/voiture/course_ros2/install/bolide_stm32/lib/python3.12/site-packages'
[2.316s] Level 1:colcon.colcon_core.shell:create_environment_hook('bolide_stm32', 'pythonpath')
[2.317s] INFO:colcon.colcon_core.shell:Creating environment hook '/home/voiture/course_ros2/install/bolide_stm32/share/bolide_stm32/hook/pythonpath.ps1'
[2.317s] INFO:colcon.colcon_core.shell:Creating environment descriptor '/home/voiture/course_ros2/install/bolide_stm32/share/bolide_stm32/hook/pythonpath.dsv'
[2.318s] INFO:colcon.colcon_core.shell:Creating environment hook '/home/voiture/course_ros2/install/bolide_stm32/share/bolide_stm32/hook/pythonpath.sh'
[2.319s] Level 1:colcon.colcon_core.environment:checking '/home/voiture/course_ros2/install/bolide_stm32/bin'
[2.319s] Level 1:colcon.colcon_core.environment:create_environment_scripts_only(bolide_stm32)
[2.319s] INFO:colcon.colcon_core.shell:Creating package script '/home/voiture/course_ros2/install/bolide_stm32/share/bolide_stm32/package.ps1'
[2.320s] INFO:colcon.colcon_core.shell:Creating package descriptor '/home/voiture/course_ros2/install/bolide_stm32/share/bolide_stm32/package.dsv'
[2.321s] INFO:colcon.colcon_core.shell:Creating package script '/home/voiture/course_ros2/install/bolide_stm32/share/bolide_stm32/package.sh'
[2.322s] INFO:colcon.colcon_core.shell:Creating package script '/home/voiture/course_ros2/install/bolide_stm32/share/bolide_stm32/package.bash'
[2.323s] INFO:colcon.colcon_core.shell:Creating package script '/home/voiture/course_ros2/install/bolide_stm32/share/bolide_stm32/package.zsh'
[2.323s] Level 1:colcon.colcon_core.environment:create_file_with_runtime_dependencies(/home/voiture/course_ros2/install/bolide_stm32/share/colcon-core/packages/bolide_stm32)
[2.324s] DEBUG:colcon.colcon_parallel_executor.executor.parallel:closing loop
[2.324s] DEBUG:colcon.colcon_parallel_executor.executor.parallel:loop closed
[2.325s] DEBUG:colcon.colcon_parallel_executor.executor.parallel:run_until_complete finished with '0'
[2.325s] DEBUG:colcon.colcon_core.event_reactor:joining thread
[2.332s] INFO:colcon.colcon_core.plugin_system:Skipping extension 'colcon_notification.desktop_notification.terminal_notifier': Not used on non-Darwin systems
[2.333s] INFO:colcon.colcon_core.plugin_system:Skipping extension 'colcon_notification.desktop_notification.win32': Not used on non-Windows systems
[2.333s] INFO:colcon.colcon_notification.desktop_notification:Sending desktop notification using 'notify2'
[2.352s] DEBUG:colcon.colcon_core.event_reactor:joined thread
[2.352s] INFO:colcon.colcon_core.shell:Creating prefix script '/home/voiture/course_ros2/install/local_setup.ps1'
[2.354s] INFO:colcon.colcon_core.shell:Creating prefix util module '/home/voiture/course_ros2/install/_local_setup_util_ps1.py'
[2.356s] INFO:colcon.colcon_core.shell:Creating prefix chain script '/home/voiture/course_ros2/install/setup.ps1'
[2.358s] INFO:colcon.colcon_core.shell:Creating prefix script '/home/voiture/course_ros2/install/local_setup.sh'
[2.359s] INFO:colcon.colcon_core.shell:Creating prefix util module '/home/voiture/course_ros2/install/_local_setup_util_sh.py'
[2.361s] INFO:colcon.colcon_core.shell:Creating prefix chain script '/home/voiture/course_ros2/install/setup.sh'
[2.363s] INFO:colcon.colcon_core.shell:Creating prefix script '/home/voiture/course_ros2/install/local_setup.bash'
[2.364s] INFO:colcon.colcon_core.shell:Creating prefix chain script '/home/voiture/course_ros2/install/setup.bash'
[2.366s] INFO:colcon.colcon_core.shell:Creating prefix script '/home/voiture/course_ros2/install/local_setup.zsh'
[2.367s] INFO:colcon.colcon_core.shell:Creating prefix chain script '/home/voiture/course_ros2/install/setup.zsh'
