running egg_info
creating ../../build/bolide_stm32/bolide_stm32.egg-info
writing ../../build/bolide_stm32/bolide_stm32.egg-info/PKG-INFO
writing dependency_links to ../../build/bolide_stm32/bolide_stm32.egg-info/dependency_links.txt
writing entry points to ../../build/bolide_stm32/bolide_stm32.egg-info/entry_points.txt
writing requirements to ../../build/bolide_stm32/bolide_stm32.egg-info/requires.txt
writing top-level names to ../../build/bolide_stm32/bolide_stm32.egg-info/top_level.txt
writing manifest file '../../build/bolide_stm32/bolide_stm32.egg-info/SOURCES.txt'
reading manifest file '../../build/bolide_stm32/bolide_stm32.egg-info/SOURCES.txt'
adding license file 'LICENSE'
writing manifest file '../../build/bolide_stm32/bolide_stm32.egg-info/SOURCES.txt'
running build
running build_py
creating /home/voiture/course_ros2/build/bolide_stm32/build
creating /home/voiture/course_ros2/build/bolide_stm32/build/lib
creating /home/voiture/course_ros2/build/bolide_stm32/build/lib/bolide_stm32
copying bolide_stm32/stm32_node.py -> /home/voiture/course_ros2/build/bolide_stm32/build/lib/bolide_stm32
copying bolide_stm32/cmd_vel.py -> /home/voiture/course_ros2/build/bolide_stm32/build/lib/bolide_stm32
copying bolide_stm32/__init__.py -> /home/voiture/course_ros2/build/bolide_stm32/build/lib/bolide_stm32
running install
running install_lib
creating /home/voiture/course_ros2/install/bolide_stm32/lib/python3.12/site-packages/bolide_stm32
copying /home/voiture/course_ros2/build/bolide_stm32/build/lib/bolide_stm32/stm32_node.py -> /home/voiture/course_ros2/install/bolide_stm32/lib/python3.12/site-packages/bolide_stm32
copying /home/voiture/course_ros2/build/bolide_stm32/build/lib/bolide_stm32/cmd_vel.py -> /home/voiture/course_ros2/install/bolide_stm32/lib/python3.12/site-packages/bolide_stm32
copying /home/voiture/course_ros2/build/bolide_stm32/build/lib/bolide_stm32/__init__.py -> /home/voiture/course_ros2/install/bolide_stm32/lib/python3.12/site-packages/bolide_stm32
byte-compiling /home/voiture/course_ros2/install/bolide_stm32/lib/python3.12/site-packages/bolide_stm32/stm32_node.py to stm32_node.cpython-312.pyc
byte-compiling /home/voiture/course_ros2/install/bolide_stm32/lib/python3.12/site-packages/bolide_stm32/cmd_vel.py to cmd_vel.cpython-312.pyc
byte-compiling /home/voiture/course_ros2/install/bolide_stm32/lib/python3.12/site-packages/bolide_stm32/__init__.py to __init__.cpython-312.pyc
running install_data
creating /home/voiture/course_ros2/install/bolide_stm32/share/ament_index
creating /home/voiture/course_ros2/install/bolide_stm32/share/ament_index/resource_index
creating /home/voiture/course_ros2/install/bolide_stm32/share/ament_index/resource_index/packages
copying resource/bolide_stm32 -> /home/voiture/course_ros2/install/bolide_stm32/share/ament_index/resource_index/packages
copying package.xml -> /home/voiture/course_ros2/install/bolide_stm32/share/bolide_stm32
running install_egg_info
Copying ../../build/bolide_stm32/bolide_stm32.egg-info to /home/voiture/course_ros2/install/bolide_stm32/lib/python3.12/site-packages/bolide_stm32-0.0.0-py3.12.egg-info
running install_scripts
Installing cmd_vel script to /home/voiture/course_ros2/install/bolide_stm32/lib/bolide_stm32
Installing stm32_node script to /home/voiture/course_ros2/install/bolide_stm32/lib/bolide_stm32
writing list of installed files to '/home/voiture/course_ros2/build/bolide_stm32/install.log'
