[0.044s] Invoking command in '/home/voiture/course_ros2/build/bolide_interfaces': CMAKE_PREFIX_PATH=${CMAKE_PREFIX_PATH}:/home/voiture/course_2025_slam_pkgs/workspace/install/planning_bolide:/home/voiture/course_2025_slam_pkgs/workspace/install/perception_bolide:/home/voiture/course_2025_slam_pkgs/workspace/install/particle_filter:/home/voiture/course_2025_slam_pkgs/workspace/install/control_bolide:/opt/ros/jazzy DEBUGINFOD_URLS=https://debuginfod.ubuntu.com /usr/bin/cmake /home/voiture/course_ros2/src/bolide_interfaces -DCMAKE_INSTALL_PREFIX=/home/voiture/course_ros2/install/bolide_interfaces
[1.312s] -- The C compiler identification is GNU 13.3.0
[2.382s] -- The CXX compiler identification is GNU 13.3.0
[2.442s] -- Detecting C compiler ABI info
[2.699s] -- Detecting C compiler ABI info - done
[2.715s] -- Check for working C compiler: /usr/bin/cc - skipped
[2.717s] -- Detecting C compile features
[2.718s] -- Detecting C compile features - done
[2.737s] -- Detecting CXX compiler ABI info
[2.936s] -- Detecting CXX compiler ABI info - done
[2.950s] -- Check for working CXX compiler: /usr/bin/c++ - skipped
[2.951s] -- Detecting CXX compile features
[2.951s] -- Detecting CXX compile features - done
[2.966s] -- Found ament_cmake: 2.5.3 (/opt/ros/jazzy/share/ament_cmake/cmake)
[3.248s] -- Found Python3: /usr/bin/python3 (found version "3.12.3") found components: Interpreter 
[3.523s] -- Found std_msgs: 5.3.6 (/opt/ros/jazzy/share/std_msgs/cmake)
[3.647s] -- Found rosidl_generator_c: 4.6.5 (/opt/ros/jazzy/share/rosidl_generator_c/cmake)
[3.681s] -- Found rosidl_generator_cpp: 4.6.5 (/opt/ros/jazzy/share/rosidl_generator_cpp/cmake)
[3.727s] -- Using all available rosidl_typesupport_c: rosidl_typesupport_fastrtps_c;rosidl_typesupport_introspection_c
[3.773s] -- Using all available rosidl_typesupport_cpp: rosidl_typesupport_fastrtps_cpp;rosidl_typesupport_introspection_cpp
[3.851s] -- Found sensor_msgs: 5.3.6 (/opt/ros/jazzy/share/sensor_msgs/cmake)
[3.976s] -- Found rosidl_default_generators: 1.6.0 (/opt/ros/jazzy/share/rosidl_default_generators/cmake)
[4.013s] -- Found rosidl_adapter: 4.6.5 (/opt/ros/jazzy/share/rosidl_adapter/cmake)
[5.244s] -- Found ament_cmake_ros: 0.12.0 (/opt/ros/jazzy/share/ament_cmake_ros/cmake)
[6.667s] -- Using all available rosidl_typesupport_c: rosidl_typesupport_fastrtps_c;rosidl_typesupport_introspection_c
[7.225s] -- Using all available rosidl_typesupport_cpp: rosidl_typesupport_fastrtps_cpp;rosidl_typesupport_introspection_cpp
[7.233s] -- Found python_cmake_module: 0.11.1 (/opt/ros/jazzy/share/python_cmake_module/cmake)
[7.451s] -- Found PythonExtra: /usr/bin/python3  
[8.752s] -- Found Python3: /usr/bin/python3 (found version "3.12.3") found components: Interpreter Development NumPy Development.Module Development.Embed 
[8.870s] -- Found ament_lint_auto: 0.17.2 (/opt/ros/jazzy/share/ament_lint_auto/cmake)
[8.934s] -- Added test 'lint_cmake' to check CMake code style
[8.938s] -- Added test 'xmllint' to check XML markup files
[8.947s] -- Configuring done (8.5s)
[9.034s] -- Generating done (0.1s)
[9.052s] -- Build files have been written to: /home/voiture/course_ros2/build/bolide_interfaces
